Watching for file changes with StatReloader
Watching for file changes with StatReloader
Internal Server Error: /
Traceback (most recent call last):
  File "D:\codes Final-certification-Python-Django\.venv\Lib\site-packages\django\template\backends\django.py", line 61, in render
    return self.template.render(context)
           ^^^^^^^^^^^^^^^^^^^^^^^^^^^^^
  File "D:\codes Final-certification-Python-Django\.venv\Lib\site-packages\django\template\base.py", line 171, in render
    return self._render(context)
           ^^^^^^^^^^^^^^^^^^^^^
  File "D:\codes Final-certification-Python-Django\.venv\Lib\site-packages\django\template\base.py", line 163, in _render
    return self.nodelist.render(context)
           ^^^^^^^^^^^^^^^^^^^^^^^^^^^^^
  File "D:\codes Final-certification-Python-Django\.venv\Lib\site-packages\django\template\base.py", line 1000, in render
    return SafeString("".join([node.render_annotated(context) for node in self]))
                              ^^^^^^^^^^^^^^^^^^^^^^^^^^^^^^^^^^^^^^^^^^^^^^^^^
  File "D:\codes Final-certification-Python-Django\.venv\Lib\site-packages\django\template\base.py", line 1000, in <listcomp>
    return SafeString("".join([node.render_annotated(context) for node in self]))
                               ^^^^^^^^^^^^^^^^^^^^^^^^^^^^^^
  File "D:\codes Final-certification-Python-Django\.venv\Lib\site-packages\django\template\base.py", line 961, in render_annotated
    return self.render(context)
           ^^^^^^^^^^^^^^^^^^^^
  File "D:\codes Final-certification-Python-Django\.venv\Lib\site-packages\django\template\loader_tags.py", line 134, in render
    compiled_parent = self.get_parent(context)
                      ^^^^^^^^^^^^^^^^^^^^^^^^
  File "D:\codes Final-certification-Python-Django\.venv\Lib\site-packages\django\template\loader_tags.py", line 131, in get_parent
    return self.find_template(parent, context)
           ^^^^^^^^^^^^^^^^^^^^^^^^^^^^^^^^^^^
  File "D:\codes Final-certification-Python-Django\.venv\Lib\site-packages\django\template\loader_tags.py", line 109, in find_template
    template, origin = context.template.engine.find_template(
                       ^^^^^^^^^^^^^^^^^^^^^^^^^^^^^^^^^^^^^^
  File "D:\codes Final-certification-Python-Django\.venv\Lib\site-packages\django\template\engine.py", line 163, in find_template
    raise TemplateDoesNotExist(name, tried=tried)
django.template.exceptions.TemplateDoesNotExist: base.html

The above exception was the direct cause of the following exception:

Traceback (most recent call last):
  File "D:\codes Final-certification-Python-Django\.venv\Lib\site-packages\django\core\handlers\exception.py", line 55, in inner
    response = get_response(request)
               ^^^^^^^^^^^^^^^^^^^^^
  File "D:\codes Final-certification-Python-Django\.venv\Lib\site-packages\django\core\handlers\base.py", line 197, in _get_response
    response = wrapped_callback(request, *callback_args, **callback_kwargs)
               ^^^^^^^^^^^^^^^^^^^^^^^^^^^^^^^^^^^^^^^^^^^^^^^^^^^^^^^^^^^^
  File "D:\codes Final-certification-Python-Django\recipe_book\recipe_app\views.py", line 5, in index
    return render(request, 'recipe_app/index.html')
           ^^^^^^^^^^^^^^^^^^^^^^^^^^^^^^^^^^^^^^^^
  File "D:\codes Final-certification-Python-Django\.venv\Lib\site-packages\django\shortcuts.py", line 25, in render
    content = loader.render_to_string(template_name, context, request, using=using)
              ^^^^^^^^^^^^^^^^^^^^^^^^^^^^^^^^^^^^^^^^^^^^^^^^^^^^^^^^^^^^^^^^^^^^^
  File "D:\codes Final-certification-Python-Django\.venv\Lib\site-packages\django\template\loader.py", line 62, in render_to_string
    return template.render(context, request)
           ^^^^^^^^^^^^^^^^^^^^^^^^^^^^^^^^^
  File "D:\codes Final-certification-Python-Django\.venv\Lib\site-packages\django\template\backends\django.py", line 63, in render
    reraise(exc, self.backend)
  File "D:\codes Final-certification-Python-Django\.venv\Lib\site-packages\django\template\backends\django.py", line 84, in reraise
    raise new from exc
django.template.exceptions.TemplateDoesNotExist: base.html
"GET / HTTP/1.1" 500 129990
Watching for file changes with StatReloader
"GET / HTTP/1.1" 200 790
"GET / HTTP/1.1" 200 790
"GET / HTTP/1.1" 200 797
"GET / HTTP/1.1" 200 797
"GET /recipe_all/ HTTP/1.1" 200 40
"GET /authorization HTTP/1.1" 301 0
"GET /authorization/ HTTP/1.1" 200 39
"GET /registrtion HTTP/1.1" 301 0
"GET /registrtion/ HTTP/1.1" 200 39
Watching for file changes with StatReloader
"GET / HTTP/1.1" 200 797
Not Found: /favicon.ico
"GET /favicon.ico HTTP/1.1" 404 2984
Watching for file changes with StatReloader
"GET / HTTP/1.1" 200 797
Not Found: /favicon.ico
"GET /favicon.ico HTTP/1.1" 404 2984
Not Found: /favicon.ico
"GET /favicon.ico HTTP/1.1" 404 2984
Watching for file changes with StatReloader
"GET / HTTP/1.1" 200 797
"GET /admin HTTP/1.1" 301 0
"GET /admin/ HTTP/1.1" 302 0
"GET /admin/login/?next=/admin/ HTTP/1.1" 200 4359
"GET /static/admin/css/dark_mode.css HTTP/1.1" 200 2682
"GET /static/admin/css/base.css HTTP/1.1" 200 21544
"GET /static/admin/css/nav_sidebar.css HTTP/1.1" 200 2810
"GET /static/admin/css/login.css HTTP/1.1" 200 958
"GET /static/admin/css/responsive.css HTTP/1.1" 200 17905
"GET /static/admin/js/theme.js HTTP/1.1" 200 1943
"GET /static/admin/js/nav_sidebar.js HTTP/1.1" 200 3063
"POST /admin/login/?next=/admin/ HTTP/1.1" 302 0
"GET /admin/ HTTP/1.1" 200 5944
"GET /static/admin/css/dashboard.css HTTP/1.1" 200 441
"GET /static/admin/img/icon-addlink.svg HTTP/1.1" 200 331
"GET /static/admin/img/icon-changelink.svg HTTP/1.1" 200 380
"GET /admin/auth/group/ HTTP/1.1" 200 7783
"GET /static/admin/css/changelists.css HTTP/1.1" 200 6811
"GET /static/admin/js/jquery.init.js HTTP/1.1" 200 347
"GET /static/admin/js/core.js HTTP/1.1" 200 6208
"GET /static/admin/js/admin/RelatedObjectLookups.js HTTP/1.1" 200 9042
"GET /admin/jsi18n/ HTTP/1.1" 200 17546
"GET /static/admin/js/actions.js HTTP/1.1" 200 8067
"GET /static/admin/js/urlify.js HTTP/1.1" 200 7887
"GET /static/admin/js/prepopulate.js HTTP/1.1" 200 1531
"GET /static/admin/img/search.svg HTTP/1.1" 200 458
"GET /static/admin/js/vendor/jquery/jquery.js HTTP/1.1" 200 285314
"GET /static/admin/js/filters.js HTTP/1.1" 200 978
"GET /static/admin/js/vendor/xregexp/xregexp.js HTTP/1.1" 200 325171
"GET /static/admin/img/tooltag-add.svg HTTP/1.1" 200 331
"GET /admin/auth/user/ HTTP/1.1" 200 11901
"GET /admin/jsi18n/ HTTP/1.1" 200 17546
"GET /static/admin/img/icon-yes.svg HTTP/1.1" 200 436
"GET /static/admin/img/icon-viewlink.svg HTTP/1.1" 200 581
"GET /static/admin/img/sorting-icons.svg HTTP/1.1" 200 1097
"GET /admin/auth/group/ HTTP/1.1" 200 7783
"GET /admin/jsi18n/ HTTP/1.1" 200 17546
Watching for file changes with StatReloader
Watching for file changes with StatReloader
"GET / HTTP/1.1" 200 797
"GET / HTTP/1.1" 200 797
"GET /recipe_all/ HTTP/1.1" 200 40
"GET /recipe_all/ HTTP/1.1" 200 40
"GET /authorization/ HTTP/1.1" 200 39
"GET /registrtion/ HTTP/1.1" 200 39
Watching for file changes with StatReloader
"GET / HTTP/1.1" 200 866
"GET / HTTP/1.1" 200 866
"GET /recipe_all/ HTTP/1.1" 200 40
"GET / HTTP/1.1" 200 866
Watching for file changes with StatReloader
"GET /recipe_all/ HTTP/1.1" 200 895
"GET / HTTP/1.1" 200 866
"GET /recipe_all/ HTTP/1.1" 200 895
"GET / HTTP/1.1" 200 866
"GET / HTTP/1.1" 200 866
"GET /recipe_all/ HTTP/1.1" 200 895
Watching for file changes with StatReloader
